<?xml version="1.0" encoding="UTF-8"?>
<testsuite name="TestSuite" time="61.096" tests="7" errors="0" skipped="0" failures="0">
  <properties>
[...]
</properties>
  <testcase name="logintest" classname="com.inetbanking.testcases.TestCase1" time="3.061"/>
  <testcase name="login_DP" classname="com.inetbanking.testcases.TestCase2" time="18.628"/>
  <testcase name="login_DP" classname="com.inetbanking.testcases.TestCase2" time="10.648"/>
  <testcase name="login_DP" classname="com.inetbanking.testcases.TestCase2" time="9.1"/>
  <testcase name="login_DP" classname="com.inetbanking.testcases.TestCase2" time="8.733"/>
  <testcase name="login_DP" classname="com.inetbanking.testcases.TestCase2" time="10.938"/>
  <testcase name="addnewcustomer" classname="com.inetbanking.testcases.AddCustomerTest3" time="39.407"/>
</testsuite>