<?xml version="1.0" encoding="UTF-8"?>
<testng-results skipped="0" failed="0" ignored="0" total="5" passed="5">
  <reporter-output>
  </reporter-output>
  <suite name="INetBanking" duration-ms="156068" started-at="2020-07-09T15:55:58 IST" finished-at="2020-07-09T15:58:34 IST">
    <groups>
    </groups>
    <test name="BankingApp test" duration-ms="156068" started-at="2020-07-09T15:55:58 IST" finished-at="2020-07-09T15:58:34 IST">
      <class name="com.inetbanking.testcases.TestCase2">
        <test-method status="PASS" signature="setup(java.lang.String)[pri:0, instance:com.inetbanking.testcases.TestCase2@5ce81285]" name="setup" is-config="true" duration-ms="72152" started-at="2020-07-09T15:55:58 IST" finished-at="2020-07-09T15:57:10 IST">
          <params>
            <param index="0">
              <value>
                <![CDATA[chrome]]>
              </value>
            </param>
          </params>
          <reporter-output>
          </reporter-output>
        </test-method> <!-- setup -->
        <test-method status="PASS" signature="login_DP(java.lang.String, java.lang.String)[pri:0, instance:com.inetbanking.testcases.TestCase2@5ce81285]" name="login_DP" duration-ms="37922" started-at="2020-07-09T15:57:16 IST" data-provider="LoginData" finished-at="2020-07-09T15:57:54 IST">
          <params>
            <param index="0">
              <value>
                <![CDATA[mngr270377]]>
              </value>
            </param>
            <param index="1">
              <value>
                <![CDATA[AdYsebU]]>
              </value>
            </param>
          </params>
          <reporter-output>
          </reporter-output>
        </test-method> <!-- login_DP -->
        <test-method status="PASS" signature="login_DP(java.lang.String, java.lang.String)[pri:0, instance:com.inetbanking.testcases.TestCase2@5ce81285]" name="login_DP" duration-ms="10378" started-at="2020-07-09T15:57:54 IST" data-provider="LoginData" finished-at="2020-07-09T15:58:05 IST">
          <params>
            <param index="0">
              <value>
                <![CDATA[mngr83460]]>
              </value>
            </param>
            <param index="1">
              <value>
                <![CDATA[qAbUzyj]]>
              </value>
            </param>
          </params>
          <reporter-output>
          </reporter-output>
        </test-method> <!-- login_DP -->
        <test-method status="PASS" signature="login_DP(java.lang.String, java.lang.String)[pri:0, instance:com.inetbanking.testcases.TestCase2@5ce81285]" name="login_DP" duration-ms="9404" started-at="2020-07-09T15:58:05 IST" data-provider="LoginData" finished-at="2020-07-09T15:58:14 IST">
          <params>
            <param index="0">
              <value>
                <![CDATA[mngr137319]]>
              </value>
            </param>
            <param index="1">
              <value>
                <![CDATA[bAdYvyb]]>
              </value>
            </param>
          </params>
          <reporter-output>
          </reporter-output>
        </test-method> <!-- login_DP -->
        <test-method status="PASS" signature="login_DP(java.lang.String, java.lang.String)[pri:0, instance:com.inetbanking.testcases.TestCase2@5ce81285]" name="login_DP" duration-ms="9248" started-at="2020-07-09T15:58:14 IST" data-provider="LoginData" finished-at="2020-07-09T15:58:23 IST">
          <params>
            <param index="0">
              <value>
                <![CDATA[mngr164225]]>
              </value>
            </param>
            <param index="1">
              <value>
                <![CDATA[jAhetAp]]>
              </value>
            </param>
          </params>
          <reporter-output>
          </reporter-output>
        </test-method> <!-- login_DP -->
        <test-method status="PASS" signature="login_DP(java.lang.String, java.lang.String)[pri:0, instance:com.inetbanking.testcases.TestCase2@5ce81285]" name="login_DP" duration-ms="10207" started-at="2020-07-09T15:58:23 IST" data-provider="LoginData" finished-at="2020-07-09T15:58:34 IST">
          <params>
            <param index="0">
              <value>
                <![CDATA[mngr112909]]>
              </value>
            </param>
            <param index="1">
              <value>
                <![CDATA[tytUreg]]>
              </value>
            </param>
          </params>
          <reporter-output>
          </reporter-output>
        </test-method> <!-- login_DP -->
        <test-method status="PASS" signature="tearDown()[pri:0, instance:com.inetbanking.testcases.TestCase2@5ce81285]" name="tearDown" is-config="true" duration-ms="235" started-at="2020-07-09T15:58:34 IST" finished-at="2020-07-09T15:58:34 IST">
          <reporter-output>
          </reporter-output>
        </test-method> <!-- tearDown -->
      </class> <!-- com.inetbanking.testcases.TestCase2 -->
    </test> <!-- BankingApp test -->
  </suite> <!-- INetBanking -->
</testng-results>
