<?xml version="1.0" encoding="UTF-8"?>
<!-- Generated by org.testng.reporters.JUnitXMLReporter -->
<testsuite hostname="DESKTOP-4R4IFSQ" ignored="0" name="BankingApp test" tests="7" failures="0" timestamp="2020-07-09T18:28:11 IST" time="217.062" errors="0">
  <testcase name="logintest" time="10.489" classname="com.inetbanking.testcases.TestCase1"/>
  <testcase name="login_DP" time="19.621" classname="com.inetbanking.testcases.TestCase2"/>
  <testcase name="login_DP" time="8.51" classname="com.inetbanking.testcases.TestCase2"/>
  <testcase name="login_DP" time="9.641" classname="com.inetbanking.testcases.TestCase2"/>
  <testcase name="login_DP" time="9.399" classname="com.inetbanking.testcases.TestCase2"/>
  <testcase name="login_DP" time="11.741" classname="com.inetbanking.testcases.TestCase2"/>
  <testcase name="addnewcustomer" time="18.811" classname="com.inetbanking.testcases.AddCustomerTest3"/>
</testsuite> <!-- BankingApp test -->
