<?xml version="1.0" encoding="UTF-8"?>
<!-- Generated by org.testng.reporters.JUnitXMLReporter -->
<testsuite hostname="DESKTOP-4R4IFSQ" ignored="0" name="BankingApp test" tests="7" failures="0" timestamp="2020-07-09T16:19:30 IST" time="255.005" errors="0">
  <testcase name="logintest" time="2.966" classname="com.inetbanking.testcases.TestCase1"/>
  <testcase name="login_DP" time="18.626" classname="com.inetbanking.testcases.TestCase2"/>
  <testcase name="login_DP" time="10.647" classname="com.inetbanking.testcases.TestCase2"/>
  <testcase name="login_DP" time="9.1" classname="com.inetbanking.testcases.TestCase2"/>
  <testcase name="login_DP" time="8.733" classname="com.inetbanking.testcases.TestCase2"/>
  <testcase name="login_DP" time="10.938" classname="com.inetbanking.testcases.TestCase2"/>
  <testcase name="addnewcustomer" time="39.406" classname="com.inetbanking.testcases.AddCustomerTest3"/>
</testsuite> <!-- BankingApp test -->
